-------------------------------------------------------------------------------
Test set: com.example.TelephoneBillCalculatorTest
-------------------------------------------------------------------------------
Tests run: 1, Failures: 1, Errors: 0, Skipped: 0, Time elapsed: 0.057 s <<< FAILURE! - in com.example.TelephoneBillCalculatorTest
com.example.TelephoneBillCalculatorTest.testCalculate  Time elapsed: 0.04 s  <<< FAILURE!
org.opentest4j.AssertionFailedError: expected: <3.2> but was: <0.0>
	at com.example.TelephoneBillCalculatorTest.testCalculate(TelephoneBillCalculatorTest.java:16)

