<?xml version="1.0" encoding="UTF-8"?>
<testsuite xmlns:xsi="http://www.w3.org/2001/XMLSchema-instance" xsi:noNamespaceSchemaLocation="https://maven.apache.org/surefire/maven-surefire-plugin/xsd/surefire-test-report-3.0.xsd" version="3.0" name="com.example.TelephoneBillCalculatorTest" time="0.057" tests="1" errors="0" skipped="0" failures="1">
  <properties>
[...]
</properties>
  <testcase name="testCalculate" classname="com.example.TelephoneBillCalculatorTest" time="0.04">
    <failure type="org.opentest4j.AssertionFailedError"><![CDATA[org.opentest4j.AssertionFailedError: expected: <3.2> but was: <0.0>
	at com.example.TelephoneBillCalculatorTest.testCalculate(TelephoneBillCalculatorTest.java:16)
]]></failure>
  </testcase>
</testsuite>